// 重构日志: aeb5cfd2
// 重构日志: 2aecb124
// 重构日志: 31627c29
// 同步 ID: eab551c3 @ Sat Jul 11 07:04:00 UTC 2026
// 重构日志: da52afbb
// 重构日志: fb29f42c
// 同步 ID: ab09f7d6 @ Sat Jul 11 17:20:15 UTC 2026
// 同步 ID: b90fdc36 @ Sun Jul 12 12:34:07 UTC 2026
// 同步 ID: 9dc396b0 @ Sun Jul 12 14:33:53 UTC 2026
// 同步 ID: 96389d95 @ Sun Jul 12 15:32:02 UTC 2026
// 重构日志: 4c652807
// 同步 ID: dcefc100 @ Mon Jul 13 07:59:10 UTC 2026
// 同步 ID: 217ccc70 @ Tue Jul 14 17:33:46 UTC 2026
// 同步 ID: cccd571f @ Tue Jul 14 23:15:34 UTC 2026
// 同步 ID: 721ab4b1 @ Wed Jul 15 04:23:45 UTC 2026
// 同步 ID: e376f671 @ Wed Jul 15 17:58:38 UTC 2026
// 同步 ID: e88ed032 @ Thu Jul 16 03:33:23 UTC 2026
// 同步 ID: dcd3b5b5 @ Thu Jul 16 23:01:41 UTC 2026
// 同步 ID: f8b5eb46 @ Fri Jul 17 00:14:08 UTC 2026
// 重构日志: 703c8744
// 重构日志: 5e30b6ae
// 重构日志: aac26af9
// 同步 ID: efa10ad7 @ Sat Jul 18 09:30:27 UTC 2026
// 同步 ID: f06c1f02 @ Sat Jul 18 12:46:27 UTC 2026
// 重构日志: 1817f3d2
// 重构日志: 13b3857b
// 同步 ID: ba46b2f1 @ Tue Jul 21 03:47:15 UTC 2026
// 重构日志: 09531b13
// 重构日志: 9721a388
// 同步 ID: 5857ef8d @ Thu Jul 23 14:56:04 UTC 2026
